Added Component: Designator=B1(PCBComponent_1)
Add component. Clean all parameters for all variants
Added Component: Designator=H1(L)
Add component. Clean all parameters for all variants
Added Component: Designator=H2(R)
Add component. Clean all parameters for all variants
Added Component: Designator=H3(D)
Add component. Clean all parameters for all variants
Added Component: Designator=L1(LED0603)
Add component. Clean all parameters for all variants
Added Component: Designator=L2(LED0603)
Add component. Clean all parameters for all variants
Added Component: Designator=R1(PCBComponent_1)
Add component. Clean all parameters for all variants
Added Component: Designator=R2(PCBComponent_1)
Add component. Clean all parameters for all variants
Added Component: Designator=U1(TLS-01)
Add component. Clean all parameters for all variants
Added Pin To Net: NetName=GND Pin=B1-2
Added Pin To Net: NetName=GND Pin=H2-16
Added Pin To Net: NetName=GND Pin=H3-14
Added Pin To Net: NetName=GND Pin=U1-1
Added Pin To Net: NetName=GND Pin=U1-16
Added Net: Name=GND
Added Pin To Net: NetName=PA1 Pin=H1-7
Added Pin To Net: NetName=PA1 Pin=U1-10
Added Net: Name=PA1
Added Pin To Net: NetName=PA5 Pin=H1-8
Added Pin To Net: NetName=PA5 Pin=U1-11
Added Net: Name=PA5
Added Pin To Net: NetName=PB0 Pin=H1-9
Added Pin To Net: NetName=PB0 Pin=U1-12
Added Net: Name=PB0
Added Pin To Net: NetName=PB5 Pin=H2-18
Added Pin To Net: NetName=PB5 Pin=U1-13
Added Net: Name=PB5
Added Pin To Net: NetName=PB6 Pin=L2-2
Added Pin To Net: NetName=PB6 Pin=U1-14
Added Net: Name=PB6
Added Pin To Net: NetName=PC0 Pin=H2-17
Added Pin To Net: NetName=PC0 Pin=L1-2
Added Pin To Net: NetName=PC0 Pin=U1-15
Added Net: Name=PC0
Added Pin To Net: NetName=PC1 Pin=H2-19
Added Pin To Net: NetName=PC1 Pin=U1-17
Added Net: Name=PC1
Added Pin To Net: NetName=PC2 Pin=H2-20
Added Pin To Net: NetName=PC2 Pin=U1-18
Added Net: Name=PC2
Added Pin To Net: NetName=PC4 Pin=H2-21
Added Pin To Net: NetName=PC4 Pin=U1-19
Added Net: Name=PC4
Added Pin To Net: NetName=PD4 Pin=H2-22
Added Pin To Net: NetName=PD4 Pin=U1-22
Added Net: Name=PD4
Added Pin To Net: NetName=PD5 Pin=H2-23
Added Pin To Net: NetName=PD5 Pin=U1-23
Added Net: Name=PD5
Added Pin To Net: NetName=PE4 Pin=H1-1
Added Pin To Net: NetName=PE4 Pin=U1-4
Added Net: Name=PE4
Added Pin To Net: NetName=PE5 Pin=H1-2
Added Pin To Net: NetName=PE5 Pin=U1-5
Added Net: Name=PE5
Added Pin To Net: NetName=PE6 Pin=H1-3
Added Pin To Net: NetName=PE6 Pin=U1-6
Added Net: Name=PE6
Added Pin To Net: NetName=PE7 Pin=H1-4
Added Pin To Net: NetName=PE7 Pin=U1-7
Added Net: Name=PE7
Added Pin To Net: NetName=PF0 Pin=H1-5
Added Pin To Net: NetName=PF0 Pin=U1-8
Added Net: Name=PF0
Added Pin To Net: NetName=PF1 Pin=H1-6
Added Pin To Net: NetName=PF1 Pin=U1-9
Added Net: Name=PF1
Added Pin To Net: NetName=R_LOW1 Pin=L1-1
Added Pin To Net: NetName=R_LOW1 Pin=R1-2
Added Net: Name=R_LOW1
Added Pin To Net: NetName=R_LOW2 Pin=L2-1
Added Pin To Net: NetName=R_LOW2 Pin=R2-2
Added Net: Name=R_LOW2
Added Pin To Net: NetName=RST Pin=H2-24
Added Pin To Net: NetName=RST Pin=U1-24
Added Net: Name=RST
Added Pin To Net: NetName=RX Pin=H3-12
Added Pin To Net: NetName=RX Pin=U1-21
Added Net: Name=RX
Added Pin To Net: NetName=SWS Pin=H3-15
Added Pin To Net: NetName=SWS Pin=U1-3
Added Net: Name=SWS
Added Pin To Net: NetName=TX Pin=H3-13
Added Pin To Net: NetName=TX Pin=U1-20
Added Net: Name=TX
Added Pin To Net: NetName=VCC Pin=B1-1
Added Pin To Net: NetName=VCC Pin=H3-10
Added Pin To Net: NetName=VCC Pin=H3-11
Added Pin To Net: NetName=VCC Pin=R1-1
Added Pin To Net: NetName=VCC Pin=R2-1
Added Pin To Net: NetName=VCC Pin=U1-2
Added Net: Name=VCC
Added Class: Name=TLS-01
Added Room: Name=TLS-01
