Replace Part * YS-07 in C:\Users\hpz\Desktop\东方红\PCB_STM32\stm32.SchDoc with YS-07 from stm32.SchLib
Replace Part B1 BEEP in C:\Users\hpz\Desktop\东方红\PCB_STM32\stm32.SchDoc with BEEP from stm32.SchLib
Replace Part B2 BEEP in C:\Users\hpz\Desktop\东方红\PCB_STM32\stm32.SchDoc with BEEP from stm32.SchLib
Replace Part E1 E18-D80NK in C:\Users\hpz\Desktop\东方红\PCB_STM32\stm32.SchDoc with E18-D80NK from stm32.SchLib
Replace Part E2 E18-D80NK in C:\Users\hpz\Desktop\东方红\PCB_STM32\stm32.SchDoc with E18-D80NK from stm32.SchLib
Replace Part E3 E18-D80NK in C:\Users\hpz\Desktop\东方红\PCB_STM32\stm32.SchDoc with E18-D80NK from stm32.SchLib
Replace Part E4 E18-D80NK in C:\Users\hpz\Desktop\东方红\PCB_STM32\stm32.SchDoc with E18-D80NK from stm32.SchLib
Replace Part E5 E18-D80NK in C:\Users\hpz\Desktop\东方红\PCB_STM32\stm32.SchDoc with E18-D80NK from stm32.SchLib
Replace Part E6 E18-D80NK in C:\Users\hpz\Desktop\东方红\PCB_STM32\stm32.SchDoc with E18-D80NK from stm32.SchLib
Replace Part E7 E18-D80NK in C:\Users\hpz\Desktop\东方红\PCB_STM32\stm32.SchDoc with E18-D80NK from stm32.SchLib
Replace Part E8 E18-D80NK in C:\Users\hpz\Desktop\东方红\PCB_STM32\stm32.SchDoc with E18-D80NK from stm32.SchLib
Replace Part E9 E18-D80NK in C:\Users\hpz\Desktop\东方红\PCB_STM32\stm32.SchDoc with E18-D80NK from stm32.SchLib
Replace Part H1 STM32_L_正插 in C:\Users\hpz\Desktop\东方红\PCB_STM32\stm32.SchDoc with STM32_L_正插 from stm32.SchLib
Replace Part H2 STM32_R_正插 in C:\Users\hpz\Desktop\东方红\PCB_STM32\stm32.SchDoc with STM32_R_正插 from stm32.SchLib
Replace Part H3 STM32_R_R in C:\Users\hpz\Desktop\东方红\PCB_STM32\stm32.SchDoc with STM32_R_R from stm32.SchLib
Replace Part P1 Header 6X2 in C:\Users\hpz\Desktop\东方红\PCB_STM32\stm32.SchDoc with Header 6X2 from Miscellaneous Connectors.IntLib
Replace Part P2 Header 6X2 in C:\Users\hpz\Desktop\东方红\PCB_STM32\stm32.SchDoc with Header 6X2 from Miscellaneous Connectors.IntLib
Replace Part S1 STEP in C:\Users\hpz\Desktop\东方红\PCB_STM32\stm32.SchDoc with STEP from stm32.SchLib
Replace Part S2 STEP in C:\Users\hpz\Desktop\东方红\PCB_STM32\stm32.SchDoc with STEP from stm32.SchLib
Replace Part S3 STEP in C:\Users\hpz\Desktop\东方红\PCB_STM32\stm32.SchDoc with STEP from stm32.SchLib
Replace Part S4 STEP in C:\Users\hpz\Desktop\东方红\PCB_STM32\stm32.SchDoc with STEP from stm32.SchLib
Replace Part U1 ESP8266 in C:\Users\hpz\Desktop\东方红\PCB_STM32\stm32.SchDoc with ESP8266 from stm32.SchLib
Replace Part UART1 UART in C:\Users\hpz\Desktop\东方红\PCB_STM32\stm32.SchDoc with UART from stm32.SchLib
Replace Part UART2 UART in C:\Users\hpz\Desktop\东方红\PCB_STM32\stm32.SchDoc with UART from stm32.SchLib
Replace Part UART3 UART in C:\Users\hpz\Desktop\东方红\PCB_STM32\stm32.SchDoc with UART from stm32.SchLib
Replace Part W1 WAVE in C:\Users\hpz\Desktop\东方红\PCB_STM32\stm32.SchDoc with WAVE from stm32.SchLib
Replace Part W2 WAVE in C:\Users\hpz\Desktop\东方红\PCB_STM32\stm32.SchDoc with WAVE from stm32.SchLib
Replace Part W3 WAVE in C:\Users\hpz\Desktop\东方红\PCB_STM32\stm32.SchDoc with WAVE from stm32.SchLib
Replace Part W4 WAVE in C:\Users\hpz\Desktop\东方红\PCB_STM32\stm32.SchDoc with WAVE from stm32.SchLib
Replace Part W5 WAVE in C:\Users\hpz\Desktop\东方红\PCB_STM32\stm32.SchDoc with WAVE from stm32.SchLib
