Change Component Designator: Old Designator=B1 New Designator=B?
Change Component Designator: Old Designator=B2 New Designator=B?
Change Component Designator: Old Designator=E1 New Designator=E?
Change Component Designator: Old Designator=E2 New Designator=E?
Change Component Designator: Old Designator=E3 New Designator=E?
Change Component Designator: Old Designator=E4 New Designator=E?
Change Component Designator: Old Designator=E5 New Designator=E?
Change Component Designator: Old Designator=E6 New Designator=E?
Change Component Designator: Old Designator=E7 New Designator=E?
Change Component Designator: Old Designator=E8 New Designator=E?
Change Component Designator: Old Designator=E9 New Designator=E?
Change Component Designator: Old Designator=H1 New Designator=H?
Change Component Designator: Old Designator=H2 New Designator=H?
Change Component Designator: Old Designator=H3 New Designator=H?
Change Component Designator: Old Designator=S1 New Designator=S?
Change Component Designator: Old Designator=S2 New Designator=S?
Change Component Designator: Old Designator=S3 New Designator=S?
Change Component Designator: Old Designator=S4 New Designator=S?
Change Component Designator: Old Designator=U1 New Designator=U?
Change Component Designator: Old Designator=UART1 New Designator=UART?
Change Component Designator: Old Designator=UART2 New Designator=UART?
Change Component Designator: Old Designator=UART3 New Designator=UART?
Change Component Designator: Old Designator=W1 New Designator=W?
Change Component Designator: Old Designator=W2 New Designator=W?
Change Component Designator: Old Designator=W3 New Designator=W?
Change Component Designator: Old Designator=W4 New Designator=W?
Change Component Designator: Old Designator=W5 New Designator=W?
Change Component Designator: Old Designator=Y1 New Designator=Y?
