Added Component: Designator=P2(MHDR2X3)
Add component. Clean all parameters for all variants
Add component (AddParameter): Name = "LatestRevisionDate"; Value = "17-Jul-2002"; VariantName = "[No Variations]"
Add component (AddParameter): Name = "LatestRevisionNote"; Value = "Re-released for DXP Platform."; VariantName = "[No Variations]"
Add component (AddParameter): Name = "Publisher"; Value = "Altium Limited"; VariantName = "[No Variations]"
Added Component: Designator=P7(MHDR2X3)
Add component. Clean all parameters for all variants
Add component (AddParameter): Name = "LatestRevisionDate"; Value = "17-Jul-2002"; VariantName = "[No Variations]"
Add component (AddParameter): Name = "LatestRevisionNote"; Value = "Re-released for DXP Platform."; VariantName = "[No Variations]"
Add component (AddParameter): Name = "Publisher"; Value = "Altium Limited"; VariantName = "[No Variations]"
Added Pin To Net: NetName=3.3V Pin=P2-1
Added Pin To Net: NetName=3.3V Pin=P2-2
Added Pin To Net: NetName=3.3V Pin=P2-3
Added Pin To Net: NetName=3.3V Pin=P2-4
Added Pin To Net: NetName=3.3V Pin=P2-5
Added Pin To Net: NetName=3.3V Pin=P2-6
Added Pin To Net: NetName=GND Pin=P7-1
Added Pin To Net: NetName=GND Pin=P7-2
Added Pin To Net: NetName=GND Pin=P7-3
Added Pin To Net: NetName=GND Pin=P7-4
Added Pin To Net: NetName=GND Pin=P7-5
Added Pin To Net: NetName=GND Pin=P7-6
Added Pin To Net: NetName=IN+ Pin=Y1-1
Added Net: Name=IN+
Added Pin To Net: NetName=IN- Pin=Y1-2
Added Net: Name=IN-
