Added Component: Designator=B1(BEEP)
Add component. Clean all parameters for all variants
Added Component: Designator=B2(BEEP)
Add component. Clean all parameters for all variants
Added Component: Designator=E1(E18)
Add component. Clean all parameters for all variants
Added Component: Designator=E2(E18)
Add component. Clean all parameters for all variants
Added Component: Designator=E3(E18)
Add component. Clean all parameters for all variants
Added Component: Designator=E4(E18)
Add component. Clean all parameters for all variants
Added Component: Designator=E5(E18)
Add component. Clean all parameters for all variants
Added Component: Designator=E6(E18)
Add component. Clean all parameters for all variants
Added Component: Designator=E7(E18)
Add component. Clean all parameters for all variants
Added Component: Designator=E8(E18)
Add component. Clean all parameters for all variants
Added Component: Designator=E9(E18)
Add component. Clean all parameters for all variants
Added Component: Designator=H1(Header2*28)
Add component. Clean all parameters for all variants
Added Component: Designator=H2(Header2*28)
Add component. Clean all parameters for all variants
Added Component: Designator=H3(HEADER1*28)
Add component. Clean all parameters for all variants
Added Component: Designator=P1(HDR2X6)
Add component. Clean all parameters for all variants
Add component (AddParameter): Name = "LatestRevisionDate"; Value = "17-Jul-2002"; VariantName = "[No Variations]"
Add component (AddParameter): Name = "LatestRevisionNote"; Value = "Re-released for DXP Platform."; VariantName = "[No Variations]"
Add component (AddParameter): Name = "Publisher"; Value = "Altium Limited"; VariantName = "[No Variations]"
Added Component: Designator=P2(HDR2X6)
Add component. Clean all parameters for all variants
Add component (AddParameter): Name = "LatestRevisionDate"; Value = "17-Jul-2002"; VariantName = "[No Variations]"
Add component (AddParameter): Name = "LatestRevisionNote"; Value = "Re-released for DXP Platform."; VariantName = "[No Variations]"
Add component (AddParameter): Name = "Publisher"; Value = "Altium Limited"; VariantName = "[No Variations]"
Added Component: Designator=S1(STEP)
Add component. Clean all parameters for all variants
Added Component: Designator=S2(STEP)
Add component. Clean all parameters for all variants
Added Component: Designator=S3(STEP)
Add component. Clean all parameters for all variants
Added Component: Designator=S4(STEP)
Add component. Clean all parameters for all variants
Added Component: Designator=U1(ESP8266)
Add component. Clean all parameters for all variants
Added Component: Designator=UART1(UART)
Add component. Clean all parameters for all variants
Added Component: Designator=UART2(UART)
Add component. Clean all parameters for all variants
Added Component: Designator=UART3(UART)
Add component. Clean all parameters for all variants
Added Component: Designator=W1(WAVE1*4)
Add component. Clean all parameters for all variants
Added Component: Designator=W2(WAVE1*4)
Add component. Clean all parameters for all variants
Added Component: Designator=W3(WAVE1*4)
Add component. Clean all parameters for all variants
Added Component: Designator=W4(WAVE1*4)
Add component. Clean all parameters for all variants
Added Component: Designator=W5(WAVE1*4)
Add component. Clean all parameters for all variants
Added Pin To Net: NetName=3.3V Pin=P1-1
Added Pin To Net: NetName=3.3V Pin=P1-2
Added Pin To Net: NetName=3.3V Pin=P1-3
Added Pin To Net: NetName=3.3V Pin=P1-4
Added Pin To Net: NetName=3.3V Pin=P1-5
Added Pin To Net: NetName=3.3V Pin=P1-6
Added Pin To Net: NetName=3.3V Pin=P1-7
Added Pin To Net: NetName=3.3V Pin=P1-8
Added Pin To Net: NetName=3.3V Pin=P1-9
Added Pin To Net: NetName=3.3V Pin=P1-10
Added Pin To Net: NetName=3.3V Pin=P1-11
Added Pin To Net: NetName=3.3V Pin=P1-12
Added Pin To Net: NetName=3.3V Pin=U1-4
Added Pin To Net: NetName=3.3V Pin=UART1-1
Added Pin To Net: NetName=3.3V Pin=UART2-1
Added Pin To Net: NetName=3.3V Pin=UART3-1
Added Net: Name=3.3V
Added Pin To Net: NetName=5V Pin=E1-1
Added Pin To Net: NetName=5V Pin=E2-1
Added Pin To Net: NetName=5V Pin=E3-1
Added Pin To Net: NetName=5V Pin=E4-1
Added Pin To Net: NetName=5V Pin=E5-1
Added Pin To Net: NetName=5V Pin=E6-1
Added Pin To Net: NetName=5V Pin=E7-1
Added Pin To Net: NetName=5V Pin=E8-1
Added Pin To Net: NetName=5V Pin=E9-1
Added Pin To Net: NetName=5V Pin=S1-1
Added Pin To Net: NetName=5V Pin=S2-1
Added Pin To Net: NetName=5V Pin=S3-1
Added Pin To Net: NetName=5V Pin=S4-1
Added Pin To Net: NetName=5V Pin=W1-1
Added Pin To Net: NetName=5V Pin=W2-1
Added Pin To Net: NetName=5V Pin=W3-1
Added Pin To Net: NetName=5V Pin=W4-1
Added Pin To Net: NetName=5V Pin=W5-1
Added Net: Name=5V
Added Pin To Net: NetName=GND Pin=B1-2
Added Pin To Net: NetName=GND Pin=B2-2
Added Pin To Net: NetName=GND Pin=E1-3
Added Pin To Net: NetName=GND Pin=E2-3
Added Pin To Net: NetName=GND Pin=E3-3
Added Pin To Net: NetName=GND Pin=E4-3
Added Pin To Net: NetName=GND Pin=E5-3
Added Pin To Net: NetName=GND Pin=E6-3
Added Pin To Net: NetName=GND Pin=E7-3
Added Pin To Net: NetName=GND Pin=E8-3
Added Pin To Net: NetName=GND Pin=E9-3
Added Pin To Net: NetName=GND Pin=P2-1
Added Pin To Net: NetName=GND Pin=P2-2
Added Pin To Net: NetName=GND Pin=P2-3
Added Pin To Net: NetName=GND Pin=P2-4
Added Pin To Net: NetName=GND Pin=P2-5
Added Pin To Net: NetName=GND Pin=P2-6
Added Pin To Net: NetName=GND Pin=P2-7
Added Pin To Net: NetName=GND Pin=P2-8
Added Pin To Net: NetName=GND Pin=P2-9
Added Pin To Net: NetName=GND Pin=P2-10
Added Pin To Net: NetName=GND Pin=P2-11
Added Pin To Net: NetName=GND Pin=P2-12
Added Pin To Net: NetName=GND Pin=U1-8
Added Pin To Net: NetName=GND Pin=UART1-4
Added Pin To Net: NetName=GND Pin=UART2-4
Added Pin To Net: NetName=GND Pin=UART3-4
Added Pin To Net: NetName=GND Pin=W1-4
Added Pin To Net: NetName=GND Pin=W2-4
Added Pin To Net: NetName=GND Pin=W3-4
Added Pin To Net: NetName=GND Pin=W4-4
Added Pin To Net: NetName=GND Pin=W5-4
Added Net: Name=GND
Added Pin To Net: NetName=PA0 Pin=H1-30
Added Pin To Net: NetName=PA0 Pin=S1-2
Added Net: Name=PA0
Added Pin To Net: NetName=PA1 Pin=H1-27
Added Pin To Net: NetName=PA1 Pin=S2-2
Added Net: Name=PA1
Added Pin To Net: NetName=PA2 Pin=H1-29
Added Pin To Net: NetName=PA2 Pin=UART2-2
Added Net: Name=PA2
Added Pin To Net: NetName=PA3 Pin=H1-28
Added Pin To Net: NetName=PA3 Pin=UART2-3
Added Net: Name=PA3
Added Pin To Net: NetName=PA4 Pin=H2-28
Added Pin To Net: NetName=PA4 Pin=S3-2
Added Net: Name=PA4
Added Pin To Net: NetName=PA5 Pin=H2-29
Added Pin To Net: NetName=PA5 Pin=H3-29
Added Pin To Net: NetName=PA5 Pin=S4-2
Added Net: Name=PA5
Added Pin To Net: NetName=PA7 Pin=H2-30
Added Pin To Net: NetName=PA7 Pin=H3-30
Added Net: Name=PA7
Added Pin To Net: NetName=PA9 Pin=H2-54
Added Pin To Net: NetName=PA9 Pin=H3-54
Added Pin To Net: NetName=PA9 Pin=U1-1
Added Pin To Net: NetName=PA9 Pin=UART1-2
Added Net: Name=PA9
Added Pin To Net: NetName=PA10 Pin=H2-2
Added Pin To Net: NetName=PA10 Pin=U1-5
Added Pin To Net: NetName=PA10 Pin=UART1-3
Added Net: Name=PA10
Added Pin To Net: NetName=PA11 Pin=H2-55
Added Pin To Net: NetName=PA11 Pin=H3-55
Added Net: Name=PA11
Added Pin To Net: NetName=PA13 Pin=H2-56
Added Pin To Net: NetName=PA13 Pin=H3-56
Added Net: Name=PA13
Added Pin To Net: NetName=PB0 Pin=H2-25
Added Pin To Net: NetName=PB0 Pin=S1-3
Added Net: Name=PB0
Added Pin To Net: NetName=PB1 Pin=H2-32
Added Pin To Net: NetName=PB1 Pin=H3-32
Added Pin To Net: NetName=PB1 Pin=S2-3
Added Net: Name=PB1
Added Pin To Net: NetName=PB2 Pin=H2-24
Added Pin To Net: NetName=PB2 Pin=S3-3
Added Net: Name=PB2
Added Pin To Net: NetName=PB10 Pin=H2-41
Added Pin To Net: NetName=PB10 Pin=H3-41
Added Pin To Net: NetName=PB10 Pin=UART3-2
Added Net: Name=PB10
Added Pin To Net: NetName=PB11 Pin=H2-15
Added Pin To Net: NetName=PB11 Pin=UART3-3
Added Net: Name=PB11
Added Pin To Net: NetName=PB12 Pin=H2-42
Added Pin To Net: NetName=PB12 Pin=H3-42
Added Net: Name=PB12
Added Pin To Net: NetName=PB14 Pin=H2-43
Added Pin To Net: NetName=PB14 Pin=H3-43
Added Net: Name=PB14
Added Pin To Net: NetName=PC1 Pin=H1-25
Added Pin To Net: NetName=PC1 Pin=W3-2
Added Net: Name=PC1
Added Pin To Net: NetName=PC2 Pin=H1-31
Added Pin To Net: NetName=PC2 Pin=W3-3
Added Net: Name=PC2
Added Pin To Net: NetName=PC5 Pin=H2-31
Added Pin To Net: NetName=PC5 Pin=H3-31
Added Pin To Net: NetName=PC5 Pin=S4-3
Added Net: Name=PC5
Added Pin To Net: NetName=PC7 Pin=H2-52
Added Pin To Net: NetName=PC7 Pin=H3-52
Added Net: Name=PC7
Added Pin To Net: NetName=PC9 Pin=H2-53
Added Pin To Net: NetName=PC9 Pin=H3-53
Added Net: Name=PC9
Added Pin To Net: NetName=PD0 Pin=H1-3
Added Pin To Net: NetName=PD0 Pin=W2-2
Added Net: Name=PD0
Added Pin To Net: NetName=PD1 Pin=H1-53
Added Pin To Net: NetName=PD1 Pin=W2-3
Added Net: Name=PD1
Added Pin To Net: NetName=PD8 Pin=H2-44
Added Pin To Net: NetName=PD8 Pin=H3-44
Added Net: Name=PD8
Added Pin To Net: NetName=PD10 Pin=H2-45
Added Pin To Net: NetName=PD10 Pin=H3-45
Added Net: Name=PD10
Added Pin To Net: NetName=PD12 Pin=H2-46
Added Pin To Net: NetName=PD12 Pin=H3-46
Added Net: Name=PD12
Added Pin To Net: NetName=PD14 Pin=H2-47
Added Pin To Net: NetName=PD14 Pin=H3-47
Added Net: Name=PD14
Added Pin To Net: NetName=PE0 Pin=H1-14
Added Pin To Net: NetName=PE0 Pin=W1-3
Added Net: Name=PE0
Added Pin To Net: NetName=PE1 Pin=H1-42
Added Pin To Net: NetName=PE1 Pin=W1-2
Added Net: Name=PE1
Added Pin To Net: NetName=PE3 Pin=H1-41
Added Pin To Net: NetName=PE3 Pin=W4-2
Added Net: Name=PE3
Added Pin To Net: NetName=PE4 Pin=H1-16
Added Pin To Net: NetName=PE4 Pin=W5-2
Added Net: Name=PE4
Added Pin To Net: NetName=PE5 Pin=H1-40
Added Pin To Net: NetName=PE5 Pin=W4-3
Added Net: Name=PE5
Added Pin To Net: NetName=PE6 Pin=H1-17
Added Pin To Net: NetName=PE6 Pin=W5-3
Added Net: Name=PE6
Added Pin To Net: NetName=PE8 Pin=H2-37
Added Pin To Net: NetName=PE8 Pin=H3-37
Added Net: Name=PE8
Added Pin To Net: NetName=PE12 Pin=H2-38
Added Pin To Net: NetName=PE12 Pin=H2-39
Added Pin To Net: NetName=PE12 Pin=H3-38
Added Pin To Net: NetName=PE12 Pin=H3-39
Added Net: Name=PE12
Added Pin To Net: NetName=PE14 Pin=H2-40
Added Pin To Net: NetName=PE14 Pin=H3-40
Added Net: Name=PE14
Added Pin To Net: NetName=PF1 Pin=E1-2
Added Pin To Net: NetName=PF1 Pin=H1-37
Added Net: Name=PF1
Added Pin To Net: NetName=PF2 Pin=E2-2
Added Pin To Net: NetName=PF2 Pin=H1-20
Added Net: Name=PF2
Added Pin To Net: NetName=PF3 Pin=E3-2
Added Pin To Net: NetName=PF3 Pin=H1-36
Added Net: Name=PF3
Added Pin To Net: NetName=PF4 Pin=E4-2
Added Pin To Net: NetName=PF4 Pin=H1-21
Added Net: Name=PF4
Added Pin To Net: NetName=PF5 Pin=E5-2
Added Pin To Net: NetName=PF5 Pin=H1-35
Added Net: Name=PF5
Added Pin To Net: NetName=PF6 Pin=E6-2
Added Pin To Net: NetName=PF6 Pin=H1-22
Added Net: Name=PF6
Added Pin To Net: NetName=PF7 Pin=E7-2
Added Pin To Net: NetName=PF7 Pin=H1-34
Added Net: Name=PF7
Added Pin To Net: NetName=PF11 Pin=E8-2
Added Pin To Net: NetName=PF11 Pin=H2-33
Added Pin To Net: NetName=PF11 Pin=H3-33
Added Net: Name=PF11
Added Pin To Net: NetName=PF12 Pin=E9-2
Added Pin To Net: NetName=PF12 Pin=H2-23
Added Net: Name=PF12
Added Pin To Net: NetName=PF13 Pin=H2-34
Added Pin To Net: NetName=PF13 Pin=H3-34
Added Net: Name=PF13
Added Pin To Net: NetName=PF15 Pin=H2-35
Added Pin To Net: NetName=PF15 Pin=H3-35
Added Net: Name=PF15
Added Pin To Net: NetName=PG1 Pin=H2-36
Added Pin To Net: NetName=PG1 Pin=H3-36
Added Net: Name=PG1
Added Pin To Net: NetName=PG2 Pin=H2-48
Added Pin To Net: NetName=PG2 Pin=H3-48
Added Net: Name=PG2
Added Pin To Net: NetName=PG4 Pin=H2-49
Added Pin To Net: NetName=PG4 Pin=H3-49
Added Net: Name=PG4
Added Pin To Net: NetName=PG6 Pin=H2-50
Added Pin To Net: NetName=PG6 Pin=H3-50
Added Net: Name=PG6
Added Pin To Net: NetName=PG8 Pin=H2-51
Added Pin To Net: NetName=PG8 Pin=H3-51
Added Net: Name=PG8
Added Class: Name=stm32
Added Room: Name=stm32
