Change Component Designator: Old Designator=B? New Designator=B1
Change Component Designator: Old Designator=B? New Designator=B2
Change Component Designator: Old Designator=E? New Designator=E1
Change Component Designator: Old Designator=E? New Designator=E2
Change Component Designator: Old Designator=E? New Designator=E3
Change Component Designator: Old Designator=E? New Designator=E4
Change Component Designator: Old Designator=E? New Designator=E5
Change Component Designator: Old Designator=E? New Designator=E6
Change Component Designator: Old Designator=E? New Designator=E7
Change Component Designator: Old Designator=E? New Designator=E8
Change Component Designator: Old Designator=E? New Designator=E9
Change Component Designator: Old Designator=H? New Designator=H1
Change Component Designator: Old Designator=H? New Designator=H2
Change Component Designator: Old Designator=H? New Designator=H3
Change Component Designator: Old Designator=P? New Designator=P1
Change Component Designator: Old Designator=P? New Designator=P2
Change Component Designator: Old Designator=S? New Designator=S1
Change Component Designator: Old Designator=S? New Designator=S2
Change Component Designator: Old Designator=S? New Designator=S3
Change Component Designator: Old Designator=S? New Designator=S4
Change Component Designator: Old Designator=U? New Designator=U1
Change Component Designator: Old Designator=UART? New Designator=UART1
Change Component Designator: Old Designator=UART? New Designator=UART2
Change Component Designator: Old Designator=UART? New Designator=UART3
Change Component Designator: Old Designator=W? New Designator=W1
Change Component Designator: Old Designator=W? New Designator=W2
Change Component Designator: Old Designator=W? New Designator=W3
Change Component Designator: Old Designator=W? New Designator=W4
Change Component Designator: Old Designator=W? New Designator=W5
